0 info it worked if it ends with ok
1 verbose cli [ '/home/michieljoris/bin/node',
1 verbose cli   '/home/michieljoris/bin/npm',
1 verbose cli   'instal',
1 verbose cli   'chrome-stable' ]
2 info using npm@1.4.9
3 info using node@v0.10.28
4 verbose node symlink /home/michieljoris/bin/node
5 verbose readDependencies using package.json deps
6 verbose cache add [ 'chrome-stable', null ]
7 verbose cache add name=undefined spec="chrome-stable" args=["chrome-stable",null]
8 verbose parsed url { protocol: null,
8 verbose parsed url   slashes: null,
8 verbose parsed url   auth: null,
8 verbose parsed url   host: null,
8 verbose parsed url   port: null,
8 verbose parsed url   hostname: null,
8 verbose parsed url   hash: null,
8 verbose parsed url   search: null,
8 verbose parsed url   query: null,
8 verbose parsed url   pathname: 'chrome-stable',
8 verbose parsed url   path: 'chrome-stable',
8 verbose parsed url   href: 'chrome-stable' }
9 silly lockFile 264a82c9-chrome-stable chrome-stable
10 verbose lock chrome-stable /home/michieljoris/.npm/264a82c9-chrome-stable.lock
11 silly lockFile 264a82c9-chrome-stable chrome-stable
12 silly lockFile 264a82c9-chrome-stable chrome-stable
13 verbose addNamed [ 'chrome-stable', '' ]
14 verbose addNamed [ null, '*' ]
15 silly lockFile 432e726a-chrome-stable chrome-stable@
16 verbose lock chrome-stable@ /home/michieljoris/.npm/432e726a-chrome-stable.lock
17 silly addNameRange { name: 'chrome-stable', range: '*', hasData: false }
18 verbose url raw chrome-stable
19 verbose url resolving [ 'https://registry.npmjs.org/', './chrome-stable' ]
20 verbose url resolved https://registry.npmjs.org/chrome-stable
21 info trying registry request attempt 1 at 23:15:40
22 http GET https://registry.npmjs.org/chrome-stable
23 http 404 https://registry.npmjs.org/chrome-stable
24 verbose headers { date: 'Sat, 16 Aug 2014 13:15:45 GMT',
24 verbose headers   server: 'CouchDB/1.5.0 (Erlang OTP/R16B03)',
24 verbose headers   'content-type': 'application/json',
24 verbose headers   'cache-control': 'max-age=0',
24 verbose headers   'content-length': '52',
24 verbose headers   'accept-ranges': 'bytes',
24 verbose headers   via: '1.1 varnish',
24 verbose headers   age: '0',
24 verbose headers   'x-served-by': 'cache-syd1623-SYD',
24 verbose headers   'x-cache': 'MISS',
24 verbose headers   'x-cache-hits': '0',
24 verbose headers   'x-timer': 'S1408194944.081251,VS0,VE987',
24 verbose headers   'keep-alive': 'timeout=10, max=50',
24 verbose headers   connection: 'Keep-Alive' }
25 silly registry.get cb [ 404,
25 silly registry.get   { date: 'Sat, 16 Aug 2014 13:15:45 GMT',
25 silly registry.get     server: 'CouchDB/1.5.0 (Erlang OTP/R16B03)',
25 silly registry.get     'content-type': 'application/json',
25 silly registry.get     'cache-control': 'max-age=0',
25 silly registry.get     'content-length': '52',
25 silly registry.get     'accept-ranges': 'bytes',
25 silly registry.get     via: '1.1 varnish',
25 silly registry.get     age: '0',
25 silly registry.get     'x-served-by': 'cache-syd1623-SYD',
25 silly registry.get     'x-cache': 'MISS',
25 silly registry.get     'x-cache-hits': '0',
25 silly registry.get     'x-timer': 'S1408194944.081251,VS0,VE987',
25 silly registry.get     'keep-alive': 'timeout=10, max=50',
25 silly registry.get     connection: 'Keep-Alive' } ]
26 silly lockFile 432e726a-chrome-stable chrome-stable@
27 silly lockFile 432e726a-chrome-stable chrome-stable@
28 error 404 404 Not Found: chrome-stable
28 error 404
28 error 404 'chrome-stable' is not in the npm registry.
28 error 404 You should bug the author to publish it
28 error 404 It was specified as a dependency of 'vouchdb'
28 error 404
28 error 404 Note that you can also install from a
28 error 404 tarball, folder, or http url, or git url.
29 error System Linux 3.11.0-12-generic
30 error command "/home/michieljoris/bin/node" "/home/michieljoris/bin/npm" "instal" "chrome-stable"
31 error cwd /media/212gig/mysrc/javascript/vouchdb
32 error node -v v0.10.28
33 error npm -v 1.4.9
34 error code E404
35 verbose exit [ 1, true ]
